[2019-12-27 10:38:58,036] - connectionpool.py] - DEBUG: Starting new HTTP connection (1): soa.test.jr.tigerft.com:80
[2019-12-27 10:38:58,158] - connectionpool.py] - DEBUG: http://soa.test.jr.tigerft.com:80 "POST /wag/recv HTTP/1.1" 200 166
[2019-12-27 10:38:58,160] - log.py] - INFO: {'currencyTime': '1577414338156', 'memo': '验签未通过', 'responseCode': 'ILLEGAL_SIGN', 'responseMessage': '验签未通过', 'responseTime': '20191227103858'}
[2019-12-27 10:38:58,160] - log.py] - INFO: {'currencyTime': '1577414338156', 'memo': '验签未通过', 'responseCode': 'ILLEGAL_SIGN', 'responseMessage': '验签未通过', 'responseTime': '20191227103858'}
[2019-12-27 10:47:25,331] - connectionpool.py] - DEBUG: Starting new HTTP connection (1): soa.test.jr.tigerft.com:80
[2019-12-27 10:47:25,477] - connectionpool.py] - DEBUG: http://soa.test.jr.tigerft.com:80 "POST /wag/recv HTTP/1.1" 200 657
[2019-12-27 10:47:25,478] - log.py] - INFO: {'currencyTime': '1577414845480', 'performanceBonds': [{'askYTM': '9.458%', 'instrumentId': 'XS1580431143', 'isin': 'XS1580431143', 'productId': 24, 'productName': '恒大集团 8 1/4 03/23/22', 'starNo': '0'}, {'askYTM': '8.162%', 'instrumentId': 'XS1956133893', 'isin': 'XS1956133893', 'productId': 28, 'productName': '广州富力地产', 'starNo': '0'}, {'askYTM': '7.965%', 'instrumentId': 'USG52132BW96', 'isin': 'USG52132BW96', 'productId': 18, 'productName': '佳兆业集团', 'starNo': '0'}], 'responseCode': 'SUCCESS', 'responseMessage': '操作成功', 'responseTime': '20191227104725'}
[2019-12-27 10:47:25,478] - log.py] - INFO: {'currencyTime': '1577414845480', 'performanceBonds': [{'askYTM': '9.458%', 'instrumentId': 'XS1580431143', 'isin': 'XS1580431143', 'productId': 24, 'productName': '恒大集团 8 1/4 03/23/22', 'starNo': '0'}, {'askYTM': '8.162%', 'instrumentId': 'XS1956133893', 'isin': 'XS1956133893', 'productId': 28, 'productName': '广州富力地产', 'starNo': '0'}, {'askYTM': '7.965%', 'instrumentId': 'USG52132BW96', 'isin': 'USG52132BW96', 'productId': 18, 'productName': '佳兆业集团', 'starNo': '0'}], 'responseCode': 'SUCCESS', 'responseMessage': '操作成功', 'responseTime': '20191227104725'}
[2019-12-27 11:43:50,264] - connectionpool.py] - DEBUG: Starting new HTTP connection (1): soa.test.jr.tigerft.com:80
[2019-12-27 11:45:13,475] - connectionpool.py] - DEBUG: Starting new HTTP connection (1): soa.test.jr.tigerft.com:80
[2019-12-27 11:45:13,614] - connectionpool.py] - DEBUG: http://soa.test.jr.tigerft.com:80 "POST /wag/recv HTTP/1.1" 200 154
[2019-12-27 11:45:13,615] - log.py] - INFO: {'currencyTime': '1577418313614', 'responseCode': 'SYSTEM_ERROR', 'responseMessage': '处理失败，请稍后重试', 'responseTime': '20191227114513'}
[2019-12-27 11:45:13,615] - log.py] - INFO: {'currencyTime': '1577418313614', 'responseCode': 'SYSTEM_ERROR', 'responseMessage': '处理失败，请稍后重试', 'responseTime': '20191227114513'}
[2019-12-27 11:46:51,115] - log.py] - INFO: b'{"emailaddress": "lifquser26@qq.com", "except": "\xe9\x87\x8d\xe7\xbd\xae\xe5\xaf\x86\xe7\xa0\x81\xe7\x9a\x84\xe9\x93\xbe\xe6\x8e\xa5\xe5\xb7\xb2\xe5\x8f\x91\xe9\x80\x81\xe5\x88\xb0\xe4\xbd\xa0\xe7\x9a\x84\xe9\x82\xae\xe7\xae\xb1"}'
[2019-12-27 11:46:51,115] - log.py] - INFO: b'{"emailaddress": "lifquser26@qq.com", "except": "\xe9\x87\x8d\xe7\xbd\xae\xe5\xaf\x86\xe7\xa0\x81\xe7\x9a\x84\xe9\x93\xbe\xe6\x8e\xa5\xe5\xb7\xb2\xe5\x8f\x91\xe9\x80\x81\xe5\x88\xb0\xe4\xbd\xa0\xe7\x9a\x84\xe9\x82\xae\xe7\xae\xb1"}'
[2019-12-27 11:46:51,134] - connectionpool.py] - DEBUG: Starting new HTTP connection (1): soa.test.jr.tigerft.com:80
[2019-12-27 11:46:51,270] - connectionpool.py] - DEBUG: http://soa.test.jr.tigerft.com:80 "POST /wag/recv HTTP/1.1" 200 154
[2019-12-27 11:46:51,271] - log.py] - INFO: {'currencyTime': '1577418411274', 'responseCode': 'SYSTEM_ERROR', 'responseMessage': '处理失败，请稍后重试', 'responseTime': '20191227114651'}
[2019-12-27 11:46:51,271] - log.py] - INFO: {'currencyTime': '1577418411274', 'responseCode': 'SYSTEM_ERROR', 'responseMessage': '处理失败，请稍后重试', 'responseTime': '20191227114651'}
[2019-12-27 11:49:36,459] - log.py] - INFO: b'{"performanceType": "1", "size": "3", "service": "performance_bond", "signType": "MD5", "language": "zh", "symbol": "7a2bebea12dc34d8a735e1f4c0d3e55a", "sign": "dc1942d59542a97f252386b232537870"}'
[2019-12-27 11:49:36,459] - log.py] - INFO: b'{"performanceType": "1", "size": "3", "service": "performance_bond", "signType": "MD5", "language": "zh", "symbol": "7a2bebea12dc34d8a735e1f4c0d3e55a", "sign": "dc1942d59542a97f252386b232537870"}'
[2019-12-27 11:49:36,480] - connectionpool.py] - DEBUG: Starting new HTTP connection (1): soa.test.jr.tigerft.com:80
[2019-12-27 11:49:36,616] - connectionpool.py] - DEBUG: http://soa.test.jr.tigerft.com:80 "POST /wag/recv HTTP/1.1" 200 657
[2019-12-27 11:49:36,618] - log.py] - INFO: {'currencyTime': '1577418576623', 'performanceBonds': [{'askYTM': '9.458%', 'instrumentId': 'XS1580431143', 'isin': 'XS1580431143', 'productId': 24, 'productName': '恒大集团 8 1/4 03/23/22', 'starNo': '0'}, {'askYTM': '8.162%', 'instrumentId': 'XS1956133893', 'isin': 'XS1956133893', 'productId': 28, 'productName': '广州富力地产', 'starNo': '0'}, {'askYTM': '7.965%', 'instrumentId': 'USG52132BW96', 'isin': 'USG52132BW96', 'productId': 18, 'productName': '佳兆业集团', 'starNo': '0'}], 'responseCode': 'SUCCESS', 'responseMessage': '操作成功', 'responseTime': '20191227114936'}
[2019-12-27 11:49:36,618] - log.py] - INFO: {'currencyTime': '1577418576623', 'performanceBonds': [{'askYTM': '9.458%', 'instrumentId': 'XS1580431143', 'isin': 'XS1580431143', 'productId': 24, 'productName': '恒大集团 8 1/4 03/23/22', 'starNo': '0'}, {'askYTM': '8.162%', 'instrumentId': 'XS1956133893', 'isin': 'XS1956133893', 'productId': 28, 'productName': '广州富力地产', 'starNo': '0'}, {'askYTM': '7.965%', 'instrumentId': 'USG52132BW96', 'isin': 'USG52132BW96', 'productId': 18, 'productName': '佳兆业集团', 'starNo': '0'}], 'responseCode': 'SUCCESS', 'responseMessage': '操作成功', 'responseTime': '20191227114936'}
[2019-12-27 14:06:10,142] - log.py] - INFO: b'{"performanceType": "1", "size": "3", "service": "performance_bond", "signType": "MD5", "language": "zh", "symbol": "7a2bebea12dc34d8a735e1f4c0d3e55a", "sign": "dc1942d59542a97f252386b232537870"}'
[2019-12-27 14:06:10,142] - log.py] - INFO: b'{"performanceType": "1", "size": "3", "service": "performance_bond", "signType": "MD5", "language": "zh", "symbol": "7a2bebea12dc34d8a735e1f4c0d3e55a", "sign": "dc1942d59542a97f252386b232537870"}'
[2019-12-27 14:06:10,237] - connectionpool.py] - DEBUG: Starting new HTTP connection (1): soa.test.jr.tigerft.com:80
[2019-12-27 14:06:10,417] - connectionpool.py] - DEBUG: http://soa.test.jr.tigerft.com:80 "POST /wag/recv HTTP/1.1" 200 657
[2019-12-27 14:06:10,418] - log.py] - INFO: {'currencyTime': '1577426770416', 'performanceBonds': [{'askYTM': '9.458%', 'instrumentId': 'XS1580431143', 'isin': 'XS1580431143', 'productId': 24, 'productName': '恒大集团 8 1/4 03/23/22', 'starNo': '0'}, {'askYTM': '8.162%', 'instrumentId': 'XS1956133893', 'isin': 'XS1956133893', 'productId': 28, 'productName': '广州富力地产', 'starNo': '0'}, {'askYTM': '7.965%', 'instrumentId': 'USG52132BW96', 'isin': 'USG52132BW96', 'productId': 18, 'productName': '佳兆业集团', 'starNo': '0'}], 'responseCode': 'SUCCESS', 'responseMessage': '操作成功', 'responseTime': '20191227140610'}
[2019-12-27 14:06:10,418] - log.py] - INFO: {'currencyTime': '1577426770416', 'performanceBonds': [{'askYTM': '9.458%', 'instrumentId': 'XS1580431143', 'isin': 'XS1580431143', 'productId': 24, 'productName': '恒大集团 8 1/4 03/23/22', 'starNo': '0'}, {'askYTM': '8.162%', 'instrumentId': 'XS1956133893', 'isin': 'XS1956133893', 'productId': 28, 'productName': '广州富力地产', 'starNo': '0'}, {'askYTM': '7.965%', 'instrumentId': 'USG52132BW96', 'isin': 'USG52132BW96', 'productId': 18, 'productName': '佳兆业集团', 'starNo': '0'}], 'responseCode': 'SUCCESS', 'responseMessage': '操作成功', 'responseTime': '20191227140610'}
[2019-12-27 14:17:25,253] - log.py] - INFO: b'{"performanceType": "1", "size": "3", "service": "performance_bond", "signType": "MD5", "language": "zh", "symbol": "7a2bebea12dc34d8a735e1f4c0d3e55a", "sign": "dc1942d59542a97f252386b232537870"}'
[2019-12-27 14:17:25,253] - log.py] - INFO: b'{"performanceType": "1", "size": "3", "service": "performance_bond", "signType": "MD5", "language": "zh", "symbol": "7a2bebea12dc34d8a735e1f4c0d3e55a", "sign": "dc1942d59542a97f252386b232537870"}'
[2019-12-27 14:17:25,273] - connectionpool.py] - DEBUG: Starting new HTTP connection (1): soa.test.jr.tigerft.com:80
[2019-12-27 14:17:25,400] - connectionpool.py] - DEBUG: http://soa.test.jr.tigerft.com:80 "POST /wag/recv HTTP/1.1" 200 657
[2019-12-27 14:17:25,401] - log.py] - INFO: {'currencyTime': '1577427445398', 'performanceBonds': [{'askYTM': '9.458%', 'instrumentId': 'XS1580431143', 'isin': 'XS1580431143', 'productId': 24, 'productName': '恒大集团 8 1/4 03/23/22', 'starNo': '0'}, {'askYTM': '8.162%', 'instrumentId': 'XS1956133893', 'isin': 'XS1956133893', 'productId': 28, 'productName': '广州富力地产', 'starNo': '0'}, {'askYTM': '7.965%', 'instrumentId': 'USG52132BW96', 'isin': 'USG52132BW96', 'productId': 18, 'productName': '佳兆业集团', 'starNo': '0'}], 'responseCode': 'SUCCESS', 'responseMessage': '操作成功', 'responseTime': '20191227141725'}
[2019-12-27 14:17:25,401] - log.py] - INFO: {'currencyTime': '1577427445398', 'performanceBonds': [{'askYTM': '9.458%', 'instrumentId': 'XS1580431143', 'isin': 'XS1580431143', 'productId': 24, 'productName': '恒大集团 8 1/4 03/23/22', 'starNo': '0'}, {'askYTM': '8.162%', 'instrumentId': 'XS1956133893', 'isin': 'XS1956133893', 'productId': 28, 'productName': '广州富力地产', 'starNo': '0'}, {'askYTM': '7.965%', 'instrumentId': 'USG52132BW96', 'isin': 'USG52132BW96', 'productId': 18, 'productName': '佳兆业集团', 'starNo': '0'}], 'responseCode': 'SUCCESS', 'responseMessage': '操作成功', 'responseTime': '20191227141725'}
[2019-12-27 14:26:50,680] - log.py] - INFO: b'{"performanceType": "1", "size": "3", "service": "performance_bond", "signType": "MD5", "language": "zh", "symbol": "7a2bebea12dc34d8a735e1f4c0d3e55a", "sign": "dc1942d59542a97f252386b232537870"}'
[2019-12-27 14:26:50,680] - log.py] - INFO: b'{"performanceType": "1", "size": "3", "service": "performance_bond", "signType": "MD5", "language": "zh", "symbol": "7a2bebea12dc34d8a735e1f4c0d3e55a", "sign": "dc1942d59542a97f252386b232537870"}'
[2019-12-27 14:26:50,743] - connectionpool.py] - DEBUG: Starting new HTTP connection (1): soa.test.jr.tigerft.com:80
[2019-12-27 14:26:50,950] - connectionpool.py] - DEBUG: http://soa.test.jr.tigerft.com:80 "POST /wag/recv HTTP/1.1" 200 657
[2019-12-27 14:26:50,952] - log.py] - INFO: {'currencyTime': '1577428010934', 'performanceBonds': [{'askYTM': '9.458%', 'instrumentId': 'XS1580431143', 'isin': 'XS1580431143', 'productId': 24, 'productName': '恒大集团 8 1/4 03/23/22', 'starNo': '0'}, {'askYTM': '8.162%', 'instrumentId': 'XS1956133893', 'isin': 'XS1956133893', 'productId': 28, 'productName': '广州富力地产', 'starNo': '0'}, {'askYTM': '7.965%', 'instrumentId': 'USG52132BW96', 'isin': 'USG52132BW96', 'productId': 18, 'productName': '佳兆业集团', 'starNo': '0'}], 'responseCode': 'SUCCESS', 'responseMessage': '操作成功', 'responseTime': '20191227142650'}
[2019-12-27 14:26:50,952] - log.py] - INFO: {'currencyTime': '1577428010934', 'performanceBonds': [{'askYTM': '9.458%', 'instrumentId': 'XS1580431143', 'isin': 'XS1580431143', 'productId': 24, 'productName': '恒大集团 8 1/4 03/23/22', 'starNo': '0'}, {'askYTM': '8.162%', 'instrumentId': 'XS1956133893', 'isin': 'XS1956133893', 'productId': 28, 'productName': '广州富力地产', 'starNo': '0'}, {'askYTM': '7.965%', 'instrumentId': 'USG52132BW96', 'isin': 'USG52132BW96', 'productId': 18, 'productName': '佳兆业集团', 'starNo': '0'}], 'responseCode': 'SUCCESS', 'responseMessage': '操作成功', 'responseTime': '20191227142650'}
[2019-12-27 14:27:05,779] - log.py] - INFO: b'{"language": "zh", "performanceType": "1", "service": "performance_bond", "sign": "dc1942d59542a97f252386b232537870", "signType": "MD5", "size": "3", "symbol": "7a2bebea12dc34d8a735e1f4c0d3e55a"}'
[2019-12-27 14:27:05,779] - log.py] - INFO: b'{"language": "zh", "performanceType": "1", "service": "performance_bond", "sign": "dc1942d59542a97f252386b232537870", "signType": "MD5", "size": "3", "symbol": "7a2bebea12dc34d8a735e1f4c0d3e55a"}'
[2019-12-27 14:27:05,800] - connectionpool.py] - DEBUG: Starting new HTTP connection (1): soa.test.jr.tigerft.com:80
[2019-12-27 14:27:06,579] - connectionpool.py] - DEBUG: http://soa.test.jr.tigerft.com:80 "POST /wag/recv HTTP/1.1" 200 657
[2019-12-27 14:27:06,581] - log.py] - INFO: {'currencyTime': '1577428026016', 'performanceBonds': [{'askYTM': '9.458%', 'instrumentId': 'XS1580431143', 'isin': 'XS1580431143', 'productId': 24, 'productName': '恒大集团 8 1/4 03/23/22', 'starNo': '0'}, {'askYTM': '8.162%', 'instrumentId': 'XS1956133893', 'isin': 'XS1956133893', 'productId': 28, 'productName': '广州富力地产', 'starNo': '0'}, {'askYTM': '7.965%', 'instrumentId': 'USG52132BW96', 'isin': 'USG52132BW96', 'productId': 18, 'productName': '佳兆业集团', 'starNo': '0'}], 'responseCode': 'SUCCESS', 'responseMessage': '操作成功', 'responseTime': '20191227142706'}
[2019-12-27 14:27:06,581] - log.py] - INFO: {'currencyTime': '1577428026016', 'performanceBonds': [{'askYTM': '9.458%', 'instrumentId': 'XS1580431143', 'isin': 'XS1580431143', 'productId': 24, 'productName': '恒大集团 8 1/4 03/23/22', 'starNo': '0'}, {'askYTM': '8.162%', 'instrumentId': 'XS1956133893', 'isin': 'XS1956133893', 'productId': 28, 'productName': '广州富力地产', 'starNo': '0'}, {'askYTM': '7.965%', 'instrumentId': 'USG52132BW96', 'isin': 'USG52132BW96', 'productId': 18, 'productName': '佳兆业集团', 'starNo': '0'}], 'responseCode': 'SUCCESS', 'responseMessage': '操作成功', 'responseTime': '20191227142706'}
[2019-12-27 14:54:52,155] - log.py] - INFO: b'{"language": "zh", "performanceType": "1", "service": "performance_bond", "sign": "dc1942d59542a97f252386b232537870", "signType": "MD5", "size": "3", "symbol": "7a2bebea12dc34d8a735e1f4c0d3e55a"}'
[2019-12-27 14:54:52,155] - log.py] - INFO: b'{"language": "zh", "performanceType": "1", "service": "performance_bond", "sign": "dc1942d59542a97f252386b232537870", "signType": "MD5", "size": "3", "symbol": "7a2bebea12dc34d8a735e1f4c0d3e55a"}'
[2019-12-27 14:54:52,217] - connectionpool.py] - DEBUG: Starting new HTTP connection (1): soa.test.jr.tigerft.com:80
[2019-12-27 14:54:52,371] - connectionpool.py] - DEBUG: http://soa.test.jr.tigerft.com:80 "POST /wag/recv HTTP/1.1" 200 657
[2019-12-27 14:54:52,372] - log.py] - INFO: {'currencyTime': '1577429692373', 'performanceBonds': [{'askYTM': '9.458%', 'instrumentId': 'XS1580431143', 'isin': 'XS1580431143', 'productId': 24, 'productName': '恒大集团 8 1/4 03/23/22', 'starNo': '0'}, {'askYTM': '8.162%', 'instrumentId': 'XS1956133893', 'isin': 'XS1956133893', 'productId': 28, 'productName': '广州富力地产', 'starNo': '0'}, {'askYTM': '7.965%', 'instrumentId': 'USG52132BW96', 'isin': 'USG52132BW96', 'productId': 18, 'productName': '佳兆业集团', 'starNo': '0'}], 'responseCode': 'SUCCESS', 'responseMessage': '操作成功', 'responseTime': '20191227145452'}
[2019-12-27 14:54:52,372] - log.py] - INFO: {'currencyTime': '1577429692373', 'performanceBonds': [{'askYTM': '9.458%', 'instrumentId': 'XS1580431143', 'isin': 'XS1580431143', 'productId': 24, 'productName': '恒大集团 8 1/4 03/23/22', 'starNo': '0'}, {'askYTM': '8.162%', 'instrumentId': 'XS1956133893', 'isin': 'XS1956133893', 'productId': 28, 'productName': '广州富力地产', 'starNo': '0'}, {'askYTM': '7.965%', 'instrumentId': 'USG52132BW96', 'isin': 'USG52132BW96', 'productId': 18, 'productName': '佳兆业集团', 'starNo': '0'}], 'responseCode': 'SUCCESS', 'responseMessage': '操作成功', 'responseTime': '20191227145452'}
[2019-12-27 14:54:54,226] - log.py] - INFO: b'{"language": "zh", "performanceType": "1", "service": "performance_bond", "sign": "dc1942d59542a97f252386b232537870", "signType": "MD5", "size": "3", "symbol": "7a2bebea12dc34d8a735e1f4c0d3e55a"}'
[2019-12-27 14:54:54,226] - log.py] - INFO: b'{"language": "zh", "performanceType": "1", "service": "performance_bond", "sign": "dc1942d59542a97f252386b232537870", "signType": "MD5", "size": "3", "symbol": "7a2bebea12dc34d8a735e1f4c0d3e55a"}'
[2019-12-27 14:54:54,250] - connectionpool.py] - DEBUG: Starting new HTTP connection (1): soa.test.jr.tigerft.com:80
[2019-12-27 14:54:54,382] - connectionpool.py] - DEBUG: http://soa.test.jr.tigerft.com:80 "POST /wag/recv HTTP/1.1" 200 657
[2019-12-27 14:54:54,383] - log.py] - INFO: {'currencyTime': '1577429694385', 'performanceBonds': [{'askYTM': '9.458%', 'instrumentId': 'XS1580431143', 'isin': 'XS1580431143', 'productId': 24, 'productName': '恒大集团 8 1/4 03/23/22', 'starNo': '0'}, {'askYTM': '8.162%', 'instrumentId': 'XS1956133893', 'isin': 'XS1956133893', 'productId': 28, 'productName': '广州富力地产', 'starNo': '0'}, {'askYTM': '7.965%', 'instrumentId': 'USG52132BW96', 'isin': 'USG52132BW96', 'productId': 18, 'productName': '佳兆业集团', 'starNo': '0'}], 'responseCode': 'SUCCESS', 'responseMessage': '操作成功', 'responseTime': '20191227145454'}
[2019-12-27 14:54:54,383] - log.py] - INFO: {'currencyTime': '1577429694385', 'performanceBonds': [{'askYTM': '9.458%', 'instrumentId': 'XS1580431143', 'isin': 'XS1580431143', 'productId': 24, 'productName': '恒大集团 8 1/4 03/23/22', 'starNo': '0'}, {'askYTM': '8.162%', 'instrumentId': 'XS1956133893', 'isin': 'XS1956133893', 'productId': 28, 'productName': '广州富力地产', 'starNo': '0'}, {'askYTM': '7.965%', 'instrumentId': 'USG52132BW96', 'isin': 'USG52132BW96', 'productId': 18, 'productName': '佳兆业集团', 'starNo': '0'}], 'responseCode': 'SUCCESS', 'responseMessage': '操作成功', 'responseTime': '20191227145454'}
[2019-12-27 14:55:24,692] - log.py] - INFO: b'{"language": "zh", "performanceType": "1", "service": "performance_bond", "sign": "dc1942d59542a97f252386b232537870", "signType": "MD5", "size": "3", "symbol": "7a2bebea12dc34d8a735e1f4c0d3e55a"}'
[2019-12-27 14:55:24,692] - log.py] - INFO: b'{"language": "zh", "performanceType": "1", "service": "performance_bond", "sign": "dc1942d59542a97f252386b232537870", "signType": "MD5", "size": "3", "symbol": "7a2bebea12dc34d8a735e1f4c0d3e55a"}'
[2019-12-27 14:55:24,718] - connectionpool.py] - DEBUG: Starting new HTTP connection (1): soa.test.jr.tigerft.com:80
[2019-12-27 14:55:24,851] - connectionpool.py] - DEBUG: http://soa.test.jr.tigerft.com:80 "POST /wag/recv HTTP/1.1" 200 657
[2019-12-27 14:55:24,852] - log.py] - INFO: {'currencyTime': '1577429724840', 'performanceBonds': [{'askYTM': '9.458%', 'instrumentId': 'XS1580431143', 'isin': 'XS1580431143', 'productId': 24, 'productName': '恒大集团 8 1/4 03/23/22', 'starNo': '0'}, {'askYTM': '8.162%', 'instrumentId': 'XS1956133893', 'isin': 'XS1956133893', 'productId': 28, 'productName': '广州富力地产', 'starNo': '0'}, {'askYTM': '7.965%', 'instrumentId': 'USG52132BW96', 'isin': 'USG52132BW96', 'productId': 18, 'productName': '佳兆业集团', 'starNo': '0'}], 'responseCode': 'SUCCESS', 'responseMessage': '操作成功', 'responseTime': '20191227145524'}
[2019-12-27 14:55:24,852] - log.py] - INFO: {'currencyTime': '1577429724840', 'performanceBonds': [{'askYTM': '9.458%', 'instrumentId': 'XS1580431143', 'isin': 'XS1580431143', 'productId': 24, 'productName': '恒大集团 8 1/4 03/23/22', 'starNo': '0'}, {'askYTM': '8.162%', 'instrumentId': 'XS1956133893', 'isin': 'XS1956133893', 'productId': 28, 'productName': '广州富力地产', 'starNo': '0'}, {'askYTM': '7.965%', 'instrumentId': 'USG52132BW96', 'isin': 'USG52132BW96', 'productId': 18, 'productName': '佳兆业集团', 'starNo': '0'}], 'responseCode': 'SUCCESS', 'responseMessage': '操作成功', 'responseTime': '20191227145524'}
[2019-12-27 14:56:32,677] - log.py] - INFO: b'{"language": "zh", "performanceType": "1", "service": "performance_bond", "sign": "dc1942d59542a97f252386b232537870", "signType": "MD5", "size": "3", "symbol": "7a2bebea12dc34d8a735e1f4c0d3e55a"}'
[2019-12-27 14:56:32,677] - log.py] - INFO: b'{"language": "zh", "performanceType": "1", "service": "performance_bond", "sign": "dc1942d59542a97f252386b232537870", "signType": "MD5", "size": "3", "symbol": "7a2bebea12dc34d8a735e1f4c0d3e55a"}'
[2019-12-27 14:56:32,706] - connectionpool.py] - DEBUG: Starting new HTTP connection (1): soa.test.jr.tigerft.com:80
[2019-12-27 14:56:32,844] - connectionpool.py] - DEBUG: http://soa.test.jr.tigerft.com:80 "POST /wag/recv HTTP/1.1" 200 657
[2019-12-27 14:56:32,846] - log.py] - INFO: {'currencyTime': '1577429792829', 'performanceBonds': [{'askYTM': '9.458%', 'instrumentId': 'XS1580431143', 'isin': 'XS1580431143', 'productId': 24, 'productName': '恒大集团 8 1/4 03/23/22', 'starNo': '0'}, {'askYTM': '8.162%', 'instrumentId': 'XS1956133893', 'isin': 'XS1956133893', 'productId': 28, 'productName': '广州富力地产', 'starNo': '0'}, {'askYTM': '7.965%', 'instrumentId': 'USG52132BW96', 'isin': 'USG52132BW96', 'productId': 18, 'productName': '佳兆业集团', 'starNo': '0'}], 'responseCode': 'SUCCESS', 'responseMessage': '操作成功', 'responseTime': '20191227145632'}
[2019-12-27 14:56:32,846] - log.py] - INFO: {'currencyTime': '1577429792829', 'performanceBonds': [{'askYTM': '9.458%', 'instrumentId': 'XS1580431143', 'isin': 'XS1580431143', 'productId': 24, 'productName': '恒大集团 8 1/4 03/23/22', 'starNo': '0'}, {'askYTM': '8.162%', 'instrumentId': 'XS1956133893', 'isin': 'XS1956133893', 'productId': 28, 'productName': '广州富力地产', 'starNo': '0'}, {'askYTM': '7.965%', 'instrumentId': 'USG52132BW96', 'isin': 'USG52132BW96', 'productId': 18, 'productName': '佳兆业集团', 'starNo': '0'}], 'responseCode': 'SUCCESS', 'responseMessage': '操作成功', 'responseTime': '20191227145632'}
[2019-12-27 14:58:23,167] - log.py] - INFO: b'{"language": "zh", "performanceType": "1", "service": "performance_bond", "sign": "dc1942d59542a97f252386b232537870", "signType": "MD5", "size": "3", "symbol": "7a2bebea12dc34d8a735e1f4c0d3e55a"}'
[2019-12-27 14:58:23,167] - log.py] - INFO: b'{"language": "zh", "performanceType": "1", "service": "performance_bond", "sign": "dc1942d59542a97f252386b232537870", "signType": "MD5", "size": "3", "symbol": "7a2bebea12dc34d8a735e1f4c0d3e55a"}'
[2019-12-27 14:58:23,187] - connectionpool.py] - DEBUG: Starting new HTTP connection (1): soa.test.jr.tigerft.com:80
[2019-12-27 14:58:23,350] - connectionpool.py] - DEBUG: http://soa.test.jr.tigerft.com:80 "POST /wag/recv HTTP/1.1" 200 657
[2019-12-27 14:58:23,351] - log.py] - INFO: {'currencyTime': '1577429903304', 'performanceBonds': [{'askYTM': '9.458%', 'instrumentId': 'XS1580431143', 'isin': 'XS1580431143', 'productId': 24, 'productName': '恒大集团 8 1/4 03/23/22', 'starNo': '0'}, {'askYTM': '8.162%', 'instrumentId': 'XS1956133893', 'isin': 'XS1956133893', 'productId': 28, 'productName': '广州富力地产', 'starNo': '0'}, {'askYTM': '7.965%', 'instrumentId': 'USG52132BW96', 'isin': 'USG52132BW96', 'productId': 18, 'productName': '佳兆业集团', 'starNo': '0'}], 'responseCode': 'SUCCESS', 'responseMessage': '操作成功', 'responseTime': '20191227145823'}
[2019-12-27 14:58:23,351] - log.py] - INFO: {'currencyTime': '1577429903304', 'performanceBonds': [{'askYTM': '9.458%', 'instrumentId': 'XS1580431143', 'isin': 'XS1580431143', 'productId': 24, 'productName': '恒大集团 8 1/4 03/23/22', 'starNo': '0'}, {'askYTM': '8.162%', 'instrumentId': 'XS1956133893', 'isin': 'XS1956133893', 'productId': 28, 'productName': '广州富力地产', 'starNo': '0'}, {'askYTM': '7.965%', 'instrumentId': 'USG52132BW96', 'isin': 'USG52132BW96', 'productId': 18, 'productName': '佳兆业集团', 'starNo': '0'}], 'responseCode': 'SUCCESS', 'responseMessage': '操作成功', 'responseTime': '20191227145823'}
[2019-12-27 14:58:34,603] - log.py] - INFO: b'{"language": "zh", "performanceType": "1", "service": "performance_bond", "sign": "dc1942d59542a97f252386b232537870", "signType": "MD5", "size": "3", "symbol": "7a2bebea12dc34d8a735e1f4c0d3e55a"}'
[2019-12-27 14:58:34,603] - log.py] - INFO: b'{"language": "zh", "performanceType": "1", "service": "performance_bond", "sign": "dc1942d59542a97f252386b232537870", "signType": "MD5", "size": "3", "symbol": "7a2bebea12dc34d8a735e1f4c0d3e55a"}'
[2019-12-27 14:58:34,625] - connectionpool.py] - DEBUG: Starting new HTTP connection (1): soa.test.jr.tigerft.com:80
[2019-12-27 14:58:34,755] - connectionpool.py] - DEBUG: http://soa.test.jr.tigerft.com:80 "POST /wag/recv HTTP/1.1" 200 657
[2019-12-27 14:58:34,756] - log.py] - INFO: {'currencyTime': '1577429914744', 'performanceBonds': [{'askYTM': '9.458%', 'instrumentId': 'XS1580431143', 'isin': 'XS1580431143', 'productId': 24, 'productName': '恒大集团 8 1/4 03/23/22', 'starNo': '0'}, {'askYTM': '8.162%', 'instrumentId': 'XS1956133893', 'isin': 'XS1956133893', 'productId': 28, 'productName': '广州富力地产', 'starNo': '0'}, {'askYTM': '7.965%', 'instrumentId': 'USG52132BW96', 'isin': 'USG52132BW96', 'productId': 18, 'productName': '佳兆业集团', 'starNo': '0'}], 'responseCode': 'SUCCESS', 'responseMessage': '操作成功', 'responseTime': '20191227145834'}
[2019-12-27 14:58:34,756] - log.py] - INFO: {'currencyTime': '1577429914744', 'performanceBonds': [{'askYTM': '9.458%', 'instrumentId': 'XS1580431143', 'isin': 'XS1580431143', 'productId': 24, 'productName': '恒大集团 8 1/4 03/23/22', 'starNo': '0'}, {'askYTM': '8.162%', 'instrumentId': 'XS1956133893', 'isin': 'XS1956133893', 'productId': 28, 'productName': '广州富力地产', 'starNo': '0'}, {'askYTM': '7.965%', 'instrumentId': 'USG52132BW96', 'isin': 'USG52132BW96', 'productId': 18, 'productName': '佳兆业集团', 'starNo': '0'}], 'responseCode': 'SUCCESS', 'responseMessage': '操作成功', 'responseTime': '20191227145834'}
[2019-12-27 14:58:47,926] - log.py] - INFO: b'{"language": "zh", "performanceType": "1", "service": "performance_bond", "sign": "dc1942d59542a97f252386b232537870", "signType": "MD5", "size": "3", "symbol": "7a2bebea12dc34d8a735e1f4c0d3e55a"}'
[2019-12-27 14:58:47,926] - log.py] - INFO: b'{"language": "zh", "performanceType": "1", "service": "performance_bond", "sign": "dc1942d59542a97f252386b232537870", "signType": "MD5", "size": "3", "symbol": "7a2bebea12dc34d8a735e1f4c0d3e55a"}'
[2019-12-27 14:58:47,947] - connectionpool.py] - DEBUG: Starting new HTTP connection (1): soa.test.jr.tigerft.com:80
[2019-12-27 14:58:48,073] - connectionpool.py] - DEBUG: http://soa.test.jr.tigerft.com:80 "POST /wag/recv HTTP/1.1" 200 657
[2019-12-27 14:58:48,074] - log.py] - INFO: {'currencyTime': '1577429928063', 'performanceBonds': [{'askYTM': '9.458%', 'instrumentId': 'XS1580431143', 'isin': 'XS1580431143', 'productId': 24, 'productName': '恒大集团 8 1/4 03/23/22', 'starNo': '0'}, {'askYTM': '8.162%', 'instrumentId': 'XS1956133893', 'isin': 'XS1956133893', 'productId': 28, 'productName': '广州富力地产', 'starNo': '0'}, {'askYTM': '7.965%', 'instrumentId': 'USG52132BW96', 'isin': 'USG52132BW96', 'productId': 18, 'productName': '佳兆业集团', 'starNo': '0'}], 'responseCode': 'SUCCESS', 'responseMessage': '操作成功', 'responseTime': '20191227145848'}
[2019-12-27 14:58:48,074] - log.py] - INFO: {'currencyTime': '1577429928063', 'performanceBonds': [{'askYTM': '9.458%', 'instrumentId': 'XS1580431143', 'isin': 'XS1580431143', 'productId': 24, 'productName': '恒大集团 8 1/4 03/23/22', 'starNo': '0'}, {'askYTM': '8.162%', 'instrumentId': 'XS1956133893', 'isin': 'XS1956133893', 'productId': 28, 'productName': '广州富力地产', 'starNo': '0'}, {'askYTM': '7.965%', 'instrumentId': 'USG52132BW96', 'isin': 'USG52132BW96', 'productId': 18, 'productName': '佳兆业集团', 'starNo': '0'}], 'responseCode': 'SUCCESS', 'responseMessage': '操作成功', 'responseTime': '20191227145848'}
[2019-12-27 15:03:37,239] - log.py] - INFO: b'{"language": "zh", "performanceType": "1", "service": "performance_bond", "sign": "dc1942d59542a97f252386b232537870", "signType": "MD5", "size": "3", "symbol": "7a2bebea12dc34d8a735e1f4c0d3e55a"}'
[2019-12-27 15:03:37,239] - log.py] - INFO: b'{"language": "zh", "performanceType": "1", "service": "performance_bond", "sign": "dc1942d59542a97f252386b232537870", "signType": "MD5", "size": "3", "symbol": "7a2bebea12dc34d8a735e1f4c0d3e55a"}'
[2019-12-27 15:03:37,427] - connectionpool.py] - DEBUG: Starting new HTTP connection (1): soa.test.jr.tigerft.com:80
[2019-12-27 15:03:37,600] - connectionpool.py] - DEBUG: http://soa.test.jr.tigerft.com:80 "POST /wag/recv HTTP/1.1" 200 657
[2019-12-27 15:03:37,601] - log.py] - INFO: {'currencyTime': '1577430217607', 'performanceBonds': [{'askYTM': '9.458%', 'instrumentId': 'XS1580431143', 'isin': 'XS1580431143', 'productId': 24, 'productName': '恒大集团 8 1/4 03/23/22', 'starNo': '0'}, {'askYTM': '8.162%', 'instrumentId': 'XS1956133893', 'isin': 'XS1956133893', 'productId': 28, 'productName': '广州富力地产', 'starNo': '0'}, {'askYTM': '7.965%', 'instrumentId': 'USG52132BW96', 'isin': 'USG52132BW96', 'productId': 18, 'productName': '佳兆业集团', 'starNo': '0'}], 'responseCode': 'SUCCESS', 'responseMessage': '操作成功', 'responseTime': '20191227150337'}
[2019-12-27 15:03:37,601] - log.py] - INFO: {'currencyTime': '1577430217607', 'performanceBonds': [{'askYTM': '9.458%', 'instrumentId': 'XS1580431143', 'isin': 'XS1580431143', 'productId': 24, 'productName': '恒大集团 8 1/4 03/23/22', 'starNo': '0'}, {'askYTM': '8.162%', 'instrumentId': 'XS1956133893', 'isin': 'XS1956133893', 'productId': 28, 'productName': '广州富力地产', 'starNo': '0'}, {'askYTM': '7.965%', 'instrumentId': 'USG52132BW96', 'isin': 'USG52132BW96', 'productId': 18, 'productName': '佳兆业集团', 'starNo': '0'}], 'responseCode': 'SUCCESS', 'responseMessage': '操作成功', 'responseTime': '20191227150337'}
[2019-12-27 15:06:08,947] - log.py] - INFO: b'{"language": "zh", "performanceType": "1", "service": "performance_bond", "sign": "dc1942d59542a97f252386b232537870", "signType": "MD5", "size": "3", "symbol": "7a2bebea12dc34d8a735e1f4c0d3e55a"}'
[2019-12-27 15:06:08,947] - log.py] - INFO: b'{"language": "zh", "performanceType": "1", "service": "performance_bond", "sign": "dc1942d59542a97f252386b232537870", "signType": "MD5", "size": "3", "symbol": "7a2bebea12dc34d8a735e1f4c0d3e55a"}'
[2019-12-27 15:06:08,983] - connectionpool.py] - DEBUG: Starting new HTTP connection (1): soa.test.jr.tigerft.com:80
[2019-12-27 15:06:09,138] - connectionpool.py] - DEBUG: http://soa.test.jr.tigerft.com:80 "POST /wag/recv HTTP/1.1" 200 657
[2019-12-27 15:06:09,142] - log.py] - INFO: {'currencyTime': '1577430369119', 'performanceBonds': [{'askYTM': '9.458%', 'instrumentId': 'XS1580431143', 'isin': 'XS1580431143', 'productId': 24, 'productName': '恒大集团 8 1/4 03/23/22', 'starNo': '0'}, {'askYTM': '8.162%', 'instrumentId': 'XS1956133893', 'isin': 'XS1956133893', 'productId': 28, 'productName': '广州富力地产', 'starNo': '0'}, {'askYTM': '7.965%', 'instrumentId': 'USG52132BW96', 'isin': 'USG52132BW96', 'productId': 18, 'productName': '佳兆业集团', 'starNo': '0'}], 'responseCode': 'SUCCESS', 'responseMessage': '操作成功', 'responseTime': '20191227150609'}
[2019-12-27 15:06:09,142] - log.py] - INFO: {'currencyTime': '1577430369119', 'performanceBonds': [{'askYTM': '9.458%', 'instrumentId': 'XS1580431143', 'isin': 'XS1580431143', 'productId': 24, 'productName': '恒大集团 8 1/4 03/23/22', 'starNo': '0'}, {'askYTM': '8.162%', 'instrumentId': 'XS1956133893', 'isin': 'XS1956133893', 'productId': 28, 'productName': '广州富力地产', 'starNo': '0'}, {'askYTM': '7.965%', 'instrumentId': 'USG52132BW96', 'isin': 'USG52132BW96', 'productId': 18, 'productName': '佳兆业集团', 'starNo': '0'}], 'responseCode': 'SUCCESS', 'responseMessage': '操作成功', 'responseTime': '20191227150609'}
[2019-12-27 15:54:32,253] - log.py] - INFO: b'{"performanceType": "1", "size": "3", "service": "performance_bond", "signType": "RSA", "language": "zh", "symbol": "7a2bebea12dc34d8a735e1f4c0d3e55a", "sign": "dc1942d59542a97f252386b232537870"}'
[2019-12-27 15:54:32,253] - log.py] - INFO: b'{"performanceType": "1", "size": "3", "service": "performance_bond", "signType": "RSA", "language": "zh", "symbol": "7a2bebea12dc34d8a735e1f4c0d3e55a", "sign": "dc1942d59542a97f252386b232537870"}'
[2019-12-27 15:54:32,303] - connectionpool.py] - DEBUG: Starting new HTTP connection (1): soa.test.jr.tigerft.com:80
[2019-12-27 15:54:32,557] - connectionpool.py] - DEBUG: http://soa.test.jr.tigerft.com:80 "POST /wag/recv HTTP/1.1" 200 166
[2019-12-27 15:54:32,558] - log.py] - INFO: {'currencyTime': '1577433272534', 'memo': '验签未通过', 'responseCode': 'ILLEGAL_SIGN', 'responseMessage': '验签未通过', 'responseTime': '20191227155432'}
[2019-12-27 15:54:32,558] - log.py] - INFO: {'currencyTime': '1577433272534', 'memo': '验签未通过', 'responseCode': 'ILLEGAL_SIGN', 'responseMessage': '验签未通过', 'responseTime': '20191227155432'}
[2019-12-27 15:55:02,461] - log.py] - INFO: b'{"performanceType": "1", "size": "3", "service": "performance_bond", "signType": "RSA", "language": "zh", "symbol": "7a2bebea12dc34d8a735e1f4c0d3e55a", "sign": "dc1942d59542a97f252386b232537870"}'
[2019-12-27 15:55:02,461] - log.py] - INFO: b'{"performanceType": "1", "size": "3", "service": "performance_bond", "signType": "RSA", "language": "zh", "symbol": "7a2bebea12dc34d8a735e1f4c0d3e55a", "sign": "dc1942d59542a97f252386b232537870"}'
[2019-12-27 15:55:02,480] - connectionpool.py] - DEBUG: Starting new HTTP connection (1): soa.test.jr.tigerft.com:80
[2019-12-27 15:55:02,638] - connectionpool.py] - DEBUG: http://soa.test.jr.tigerft.com:80 "POST /wag/recv HTTP/1.1" 200 166
[2019-12-27 15:55:02,639] - log.py] - INFO: {'currencyTime': '1577433302617', 'memo': '验签未通过', 'responseCode': 'ILLEGAL_SIGN', 'responseMessage': '验签未通过', 'responseTime': '20191227155502'}
[2019-12-27 15:55:02,639] - log.py] - INFO: {'currencyTime': '1577433302617', 'memo': '验签未通过', 'responseCode': 'ILLEGAL_SIGN', 'responseMessage': '验签未通过', 'responseTime': '20191227155502'}
[2019-12-27 15:55:39,010] - log.py] - INFO: b'{"performanceType": "1", "size": "3", "service": "performance_bond", "signType": "RSA", "language": "zh", "symbol": "7a2bebea12dc34d8a735e1f4c0d3e55a", "sign": "language=zh&performanceType=1&service=performance_bond&size=3&symbol=7a2bebea12dc34d8a735e1f4c0d3e55a"}'
[2019-12-27 15:55:39,010] - log.py] - INFO: b'{"performanceType": "1", "size": "3", "service": "performance_bond", "signType": "RSA", "language": "zh", "symbol": "7a2bebea12dc34d8a735e1f4c0d3e55a", "sign": "language=zh&performanceType=1&service=performance_bond&size=3&symbol=7a2bebea12dc34d8a735e1f4c0d3e55a"}'
[2019-12-27 15:55:39,028] - connectionpool.py] - DEBUG: Starting new HTTP connection (1): soa.test.jr.tigerft.com:80
[2019-12-27 15:55:39,170] - connectionpool.py] - DEBUG: http://soa.test.jr.tigerft.com:80 "POST /wag/recv HTTP/1.1" 200 166
[2019-12-27 15:55:39,171] - log.py] - INFO: {'currencyTime': '1577433339161', 'memo': '验签未通过', 'responseCode': 'ILLEGAL_SIGN', 'responseMessage': '验签未通过', 'responseTime': '20191227155539'}
[2019-12-27 15:55:39,171] - log.py] - INFO: {'currencyTime': '1577433339161', 'memo': '验签未通过', 'responseCode': 'ILLEGAL_SIGN', 'responseMessage': '验签未通过', 'responseTime': '20191227155539'}
[2019-12-27 16:03:05,679] - log.py] - INFO: b'{"performanceType": "1", "size": "3", "service": "performance_bond", "signType": "RSA", "language": "zh", "symbol": "7a2bebea12dc34d8a735e1f4c0d3e55a", "sign": "XAxBFSqmJYaX14IKjAqaUeJX/S5wmbOC5iLJNwmkwvA75K65xPhyVKT+02QIMUE16VdPGD9ILJzanocW938N9tQWz9WGu6+jbUnUOsfN0ygg2EQuR8CB5X2jq86kx3B2qYXjDBkuqyfuGCxiPOkcbRXo3Ydb2HJMrBOvNAHHNSm6bSkgH2JZI/uoSsgJ/YH9pN+pSIRMUwIs3eMTVVMlCzGPwXMXNYBfv4tIo5rjl4ul1mNpxslYnKc40XP7UpUziNA47PxCqhwWb4cjM53UzZhZEhinxoYNKdRoOb6zYsuuBAtKP4X+91bW/NC6o7kKB8oap6vgl+sILx3XSAe8Mz9gSiuoo4TDT2NqmTTLcRhXZ+yKBNeNx0elUo0854hCDW+rBDJ05R+bKIDZgU8JYtSDNXy/UEKQSgJ4jAB1yfP9SvdQWj9E52JTZF9HmggjBJgClTuz/FSzrueIfqolH5U66vEprFheFVflJphf0rfd2Of6D2nNs5PDxmwnYnvs0loBjW2XOQst4dIuFEhmetHaBqrVQ4dFblGg7GcwyQE8MiXc2RRc67x1l1EorO/q0FaPUJ1ySlEWLA/RBaHzYWJenYS7a2qodT5NEXmt7WfdAsAn8xgQNK8efSnj6nenq73sMVB2TInj7B/f1ERvqQ3FmGum8bmDwAH0olWNzFY="}'
[2019-12-27 16:03:05,679] - log.py] - INFO: b'{"performanceType": "1", "size": "3", "service": "performance_bond", "signType": "RSA", "language": "zh", "symbol": "7a2bebea12dc34d8a735e1f4c0d3e55a", "sign": "XAxBFSqmJYaX14IKjAqaUeJX/S5wmbOC5iLJNwmkwvA75K65xPhyVKT+02QIMUE16VdPGD9ILJzanocW938N9tQWz9WGu6+jbUnUOsfN0ygg2EQuR8CB5X2jq86kx3B2qYXjDBkuqyfuGCxiPOkcbRXo3Ydb2HJMrBOvNAHHNSm6bSkgH2JZI/uoSsgJ/YH9pN+pSIRMUwIs3eMTVVMlCzGPwXMXNYBfv4tIo5rjl4ul1mNpxslYnKc40XP7UpUziNA47PxCqhwWb4cjM53UzZhZEhinxoYNKdRoOb6zYsuuBAtKP4X+91bW/NC6o7kKB8oap6vgl+sILx3XSAe8Mz9gSiuoo4TDT2NqmTTLcRhXZ+yKBNeNx0elUo0854hCDW+rBDJ05R+bKIDZgU8JYtSDNXy/UEKQSgJ4jAB1yfP9SvdQWj9E52JTZF9HmggjBJgClTuz/FSzrueIfqolH5U66vEprFheFVflJphf0rfd2Of6D2nNs5PDxmwnYnvs0loBjW2XOQst4dIuFEhmetHaBqrVQ4dFblGg7GcwyQE8MiXc2RRc67x1l1EorO/q0FaPUJ1ySlEWLA/RBaHzYWJenYS7a2qodT5NEXmt7WfdAsAn8xgQNK8efSnj6nenq73sMVB2TInj7B/f1ERvqQ3FmGum8bmDwAH0olWNzFY="}'
[2019-12-27 16:03:05,740] - connectionpool.py] - DEBUG: Starting new HTTP connection (1): soa.test.jr.tigerft.com:80
[2019-12-27 16:03:05,872] - connectionpool.py] - DEBUG: http://soa.test.jr.tigerft.com:80 "POST /wag/recv HTTP/1.1" 200 166
[2019-12-27 16:03:05,873] - log.py] - INFO: {'currencyTime': '1577433785874', 'memo': '验签未通过', 'responseCode': 'ILLEGAL_SIGN', 'responseMessage': '验签未通过', 'responseTime': '20191227160305'}
[2019-12-27 16:03:05,873] - log.py] - INFO: {'currencyTime': '1577433785874', 'memo': '验签未通过', 'responseCode': 'ILLEGAL_SIGN', 'responseMessage': '验签未通过', 'responseTime': '20191227160305'}
[2019-12-27 16:14:25,600] - log.py] - INFO: b'{"performanceType": "1", "size": "3", "service": "performance_bond", "signType": "RSA", "language": "zh", "symbol": "7a2bebea12dc34d8a735e1f4c0d3e55a", "sign": "XAxBFSqmJYaX14IKjAqaUeJX/S5wmbOC5iLJNwmkwvA75K65xPhyVKT+02QIMUE16VdPGD9ILJzanocW938N9tQWz9WGu6+jbUnUOsfN0ygg2EQuR8CB5X2jq86kx3B2qYXjDBkuqyfuGCxiPOkcbRXo3Ydb2HJMrBOvNAHHNSm6bSkgH2JZI/uoSsgJ/YH9pN+pSIRMUwIs3eMTVVMlCzGPwXMXNYBfv4tIo5rjl4ul1mNpxslYnKc40XP7UpUziNA47PxCqhwWb4cjM53UzZhZEhinxoYNKdRoOb6zYsuuBAtKP4X+91bW/NC6o7kKB8oap6vgl+sILx3XSAe8Mz9gSiuoo4TDT2NqmTTLcRhXZ+yKBNeNx0elUo0854hCDW+rBDJ05R+bKIDZgU8JYtSDNXy/UEKQSgJ4jAB1yfP9SvdQWj9E52JTZF9HmggjBJgClTuz/FSzrueIfqolH5U66vEprFheFVflJphf0rfd2Of6D2nNs5PDxmwnYnvs0loBjW2XOQst4dIuFEhmetHaBqrVQ4dFblGg7GcwyQE8MiXc2RRc67x1l1EorO/q0FaPUJ1ySlEWLA/RBaHzYWJenYS7a2qodT5NEXmt7WfdAsAn8xgQNK8efSnj6nenq73sMVB2TInj7B/f1ERvqQ3FmGum8bmDwAH0olWNzFY="}'
[2019-12-27 16:14:25,600] - log.py] - INFO: b'{"performanceType": "1", "size": "3", "service": "performance_bond", "signType": "RSA", "language": "zh", "symbol": "7a2bebea12dc34d8a735e1f4c0d3e55a", "sign": "XAxBFSqmJYaX14IKjAqaUeJX/S5wmbOC5iLJNwmkwvA75K65xPhyVKT+02QIMUE16VdPGD9ILJzanocW938N9tQWz9WGu6+jbUnUOsfN0ygg2EQuR8CB5X2jq86kx3B2qYXjDBkuqyfuGCxiPOkcbRXo3Ydb2HJMrBOvNAHHNSm6bSkgH2JZI/uoSsgJ/YH9pN+pSIRMUwIs3eMTVVMlCzGPwXMXNYBfv4tIo5rjl4ul1mNpxslYnKc40XP7UpUziNA47PxCqhwWb4cjM53UzZhZEhinxoYNKdRoOb6zYsuuBAtKP4X+91bW/NC6o7kKB8oap6vgl+sILx3XSAe8Mz9gSiuoo4TDT2NqmTTLcRhXZ+yKBNeNx0elUo0854hCDW+rBDJ05R+bKIDZgU8JYtSDNXy/UEKQSgJ4jAB1yfP9SvdQWj9E52JTZF9HmggjBJgClTuz/FSzrueIfqolH5U66vEprFheFVflJphf0rfd2Of6D2nNs5PDxmwnYnvs0loBjW2XOQst4dIuFEhmetHaBqrVQ4dFblGg7GcwyQE8MiXc2RRc67x1l1EorO/q0FaPUJ1ySlEWLA/RBaHzYWJenYS7a2qodT5NEXmt7WfdAsAn8xgQNK8efSnj6nenq73sMVB2TInj7B/f1ERvqQ3FmGum8bmDwAH0olWNzFY="}'
[2019-12-27 16:14:25,651] - connectionpool.py] - DEBUG: Starting new HTTP connection (1): soa.test.jr.tigerft.com:80
[2019-12-27 16:14:25,817] - connectionpool.py] - DEBUG: http://soa.test.jr.tigerft.com:80 "POST /wag/recv HTTP/1.1" 200 166
[2019-12-27 16:14:25,819] - log.py] - INFO: {'currencyTime': '1577434465806', 'memo': '验签未通过', 'responseCode': 'ILLEGAL_SIGN', 'responseMessage': '验签未通过', 'responseTime': '20191227161425'}
[2019-12-27 16:14:25,819] - log.py] - INFO: {'currencyTime': '1577434465806', 'memo': '验签未通过', 'responseCode': 'ILLEGAL_SIGN', 'responseMessage': '验签未通过', 'responseTime': '20191227161425'}
